[0.017s] Invoking command in '/home/orangepi/GM/nuc/GMaster_project/src/contact/build/contact': CMAKE_PREFIX_PATH=${CMAKE_PREFIX_PATH}:/opt/ros/humble /usr/bin/cmake --build /home/orangepi/GM/nuc/GMaster_project/src/contact/build/contact -- -j8 -l8
[0.189s] [ 50%] Built target serial
[0.299s] [ 62%] [32mBuilding CXX object CMakeFiles/contact.dir/src/ContactNode.cpp.o[0m
[0.300s] [ 75%] [32mBuilding CXX object CMakeFiles/contact.dir/src/CommPort.cpp.o[0m
[1.765s] [01m[K/home/orangepi/GM/nuc/GMaster_project/src/contact/src/CommPort.cpp:[m[K In constructor â€˜[01m[KCommPort::CommPort()[m[Kâ€™:
[1.766s] [01m[K/home/orangepi/GM/nuc/GMaster_project/src/contact/src/CommPort.cpp:4:18:[m[K [01;35m[Kwarning: [m[KISO C++ forbids converting a string constant to â€˜[01m[Kchar*[m[Kâ€™ [[01;35m[K]8;;https://gcc.gnu.org/onlinedocs/gcc/Warning-Options.html#index-Wwrite-strings-Wwrite-strings]8;;[m[K]
[1.766s]     4 |   char *device = [01;35m[K"/dev/ttyACM0"[m[K;
[1.767s]       |                  [01;35m[K^~~~~~~~~~~~~~[m[K
[6.176s] In file included from [01m[K/opt/ros/humble/include/rclcpp/rclcpp/client.hpp:40[m[K,
[6.177s]                  from [01m[K/opt/ros/humble/include/rclcpp/rclcpp/callback_group.hpp:24[m[K,
[6.177s]                  from [01m[K/opt/ros/humble/include/rclcpp/rclcpp/any_executable.hpp:20[m[K,
[6.177s]                  from [01m[K/opt/ros/humble/include/rclcpp/rclcpp/memory_strategy.hpp:25[m[K,
[6.178s]                  from [01m[K/opt/ros/humble/include/rclcpp/rclcpp/memory_strategies.hpp:18[m[K,
[6.178s]                  from [01m[K/opt/ros/humble/include/rclcpp/rclcpp/executor_options.hpp:20[m[K,
[6.178s]                  from [01m[K/opt/ros/humble/include/rclcpp/rclcpp/executor.hpp:37[m[K,
[6.179s]                  from [01m[K/opt/ros/humble/include/rclcpp/rclcpp/executors/multi_threaded_executor.hpp:25[m[K,
[6.179s]                  from [01m[K/opt/ros/humble/include/rclcpp/rclcpp/executors.hpp:21[m[K,
[6.179s]                  from [01m[K/opt/ros/humble/include/rclcpp/rclcpp/rclcpp.hpp:155[m[K,
[6.180s]                  from [01m[K/home/orangepi/GM/nuc/GMaster_project/src/contact/src/ContactNode.cpp:8[m[K:
[6.180s] [01m[K/home/orangepi/GM/nuc/GMaster_project/src/contact/src/ContactNode.cpp:[m[K In member function â€˜[01m[Kvoid ContactNode::rx_timer_callback()[m[Kâ€™:
[6.180s] [01m[K/home/orangepi/GM/nuc/GMaster_project/src/contact/src/ContactNode.cpp:153:5:[m[K [01;31m[Kerror: [m[Kexpected primary-expression before â€˜[01m[K)[m[Kâ€™ token
[6.181s]   153 |     [01;31m[KRCLCPP_INFO[m[K()
[6.181s]       |     [01;31m[K^~~~~~~~~~~[m[K
[6.181s] [01m[K/home/orangepi/GM/nuc/GMaster_project/src/contact/src/ContactNode.cpp:153:5:[m[K [01;31m[Kerror: [m[Ktemplate argument 1 is invalid
[6.181s]   153 |     [01;31m[KRCLCPP_INFO[m[K()
[6.182s]       |     [01;31m[K^~~~~~~~~~~[m[K
[6.182s] [01m[K/home/orangepi/GM/nuc/GMaster_project/src/contact/src/ContactNode.cpp:153:5:[m[K [01;31m[Kerror: [m[Ktemplate argument 1 is invalid
[6.182s]   153 |     [01;31m[KRCLCPP_INFO[m[K()
[6.183s]       |     [01;31m[K^~~~~~~~~~~[m[K
[6.183s] [01m[K/home/orangepi/GM/nuc/GMaster_project/src/contact/src/ContactNode.cpp:153:5:[m[K [01;31m[Kerror: [m[Ktemplate argument 1 is invalid
[6.183s]   153 |     [01;31m[KRCLCPP_INFO[m[K()
[6.184s]       |     [01;31m[K^~~~~~~~~~~[m[K
[6.184s] In file included from [01m[K/opt/ros/humble/include/rclcpp/rclcpp/logging.hpp:24[m[K,
[6.184s]                  from [01m[K/opt/ros/humble/include/rclcpp/rclcpp/client.hpp:40[m[K,
[6.185s]                  from [01m[K/opt/ros/humble/include/rclcpp/rclcpp/callback_group.hpp:24[m[K,
[6.185s]                  from [01m[K/opt/ros/humble/include/rclcpp/rclcpp/any_executable.hpp:20[m[K,
[6.185s]                  from [01m[K/opt/ros/humble/include/rclcpp/rclcpp/memory_strategy.hpp:25[m[K,
[6.186s]                  from [01m[K/opt/ros/humble/include/rclcpp/rclcpp/memory_strategies.hpp:18[m[K,
[6.186s]                  from [01m[K/opt/ros/humble/include/rclcpp/rclcpp/executor_options.hpp:20[m[K,
[6.186s]                  from [01m[K/opt/ros/humble/include/rclcpp/rclcpp/executor.hpp:37[m[K,
[6.187s]                  from [01m[K/opt/ros/humble/include/rclcpp/rclcpp/executors/multi_threaded_executor.hpp:25[m[K,
[6.187s]                  from [01m[K/opt/ros/humble/include/rclcpp/rclcpp/executors.hpp:21[m[K,
[6.187s]                  from [01m[K/opt/ros/humble/include/rclcpp/rclcpp/rclcpp.hpp:155[m[K,
[6.188s]                  from [01m[K/home/orangepi/GM/nuc/GMaster_project/src/contact/src/ContactNode.cpp:8[m[K:
[6.188s] [01m[K/home/orangepi/GM/nuc/GMaster_project/src/contact/src/ContactNode.cpp:153:5:[m[K [01;31m[Kerror: [m[Kexpected primary-expression before â€˜[01m[K)[m[Kâ€™ token
[6.188s]   153 |     [01;31m[KRCLCPP_INFO[m[K()
[6.189s]       |     [01;31m[K^~~~~~~~~~~[m[K
[6.189s] [01m[K/home/orangepi/GM/nuc/GMaster_project/src/contact/src/ContactNode.cpp:153:5:[m[K [01;31m[Kerror: [m[Kexpected primary-expression before â€˜[01m[K)[m[Kâ€™ token
[6.189s]   153 |     [01;31m[KRCLCPP_INFO[m[K()
[6.190s]       |     [01;31m[K^~~~~~~~~~~[m[K
[6.190s] [01m[K/home/orangepi/GM/nuc/GMaster_project/src/contact/src/ContactNode.cpp:153:5:[m[K [01;31m[Kerror: [m[Kexpected primary-expression before â€˜[01m[K)[m[Kâ€™ token
[6.190s]   153 |     [01;31m[KRCLCPP_INFO[m[K()
[6.191s]       |     [01;31m[K^~~~~~~~~~~[m[K
[6.191s] [01m[K/home/orangepi/GM/nuc/GMaster_project/src/contact/src/ContactNode.cpp:156:5:[m[K [01;31m[Kerror: [m[Kexpected â€˜[01m[K;[m[Kâ€™ before â€˜[01m[Kauto[m[Kâ€™
[6.191s]   156 |     [01;31m[Kauto[m[K mode_msg = std_msgs::msg::Int32();
[6.192s]       |     [01;31m[K^~~~[m[K
[18.829s] gmake[2]: *** [CMakeFiles/contact.dir/build.make:76: CMakeFiles/contact.dir/src/ContactNode.cpp.o] Error 1
[18.830s] gmake[1]: *** [CMakeFiles/Makefile2:154: CMakeFiles/contact.dir/all] Error 2
[18.830s] gmake: *** [Makefile:146: all] Error 2
[18.836s] Invoked command in '/home/orangepi/GM/nuc/GMaster_project/src/contact/build/contact' returned '2': CMAKE_PREFIX_PATH=${CMAKE_PREFIX_PATH}:/opt/ros/humble /usr/bin/cmake --build /home/orangepi/GM/nuc/GMaster_project/src/contact/build/contact -- -j8 -l8
