[ 50%] Built target serial
[35m[1mConsolidate compiler generated dependencies of target contact[0m
[ 62%] [32mBuilding CXX object CMakeFiles/contact.dir/src/ContactNode.cpp.o[0m
[ 75%] [32mBuilding CXX object CMakeFiles/contact.dir/src/CommPort.cpp.o[0m
[01m[K/home/orangepi/GM/nuc/GMaster_project/src/contact/src/CommPort.cpp:[m[K In constructor â€˜[01m[KCommPort::CommPort()[m[Kâ€™:
[01m[K/home/orangepi/GM/nuc/GMaster_project/src/contact/src/CommPort.cpp:4:18:[m[K [01;35m[Kwarning: [m[KISO C++ forbids converting a string constant to â€˜[01m[Kchar*[m[Kâ€™ [[01;35m[K]8;;https://gcc.gnu.org/onlinedocs/gcc/Warning-Options.html#index-Wwrite-strings-Wwrite-strings]8;;[m[K]
    4 |   char *device = [01;35m[K"/dev/ttyACM0"[m[K;
      |                  [01;35m[K^~~~~~~~~~~~~~[m[K
[01m[K/home/orangepi/GM/nuc/GMaster_project/src/contact/src/CommPort.cpp:[m[K In member function â€˜[01m[Kvoid CommPort::Read()[m[Kâ€™:
[01m[K/home/orangepi/GM/nuc/GMaster_project/src/contact/src/CommPort.cpp:36:25:[m[K [01;31m[Kerror: [m[Kâ€˜[01m[KCommPort::ProjectileRx_slow[m[Kâ€™ {aka â€˜[01m[Kstruct CommPort::ProjectileRx_slow[m[Kâ€™} has no member named â€˜[01m[Krobot_position[m[Kâ€™
   36 |         rx_struct_slow_.[01;31m[Krobot_position[m[K[2] = 1;
      |                         [01;31m[K^~~~~~~~~~~~~~[m[K
[01m[K/home/orangepi/GM/nuc/GMaster_project/src/contact/src/CommPort.cpp:39:27:[m[K [01;31m[Kerror: [m[Kâ€˜[01m[KCommPort::ProjectileRx_slow[m[Kâ€™ {aka â€˜[01m[Kstruct CommPort::ProjectileRx_slow[m[Kâ€™} has no member named â€˜[01m[Krobot_position[m[Kâ€™
   39 |           rx_struct_slow_.[01;31m[Krobot_position[m[K[1] = 1;
      |                           [01;31m[K^~~~~~~~~~~~~~[m[K
gmake[2]: *** [CMakeFiles/contact.dir/build.make:90: CMakeFiles/contact.dir/src/CommPort.cpp.o] Error 1
gmake[2]: *** Waiting for unfinished jobs....
gmake[1]: *** [CMakeFiles/Makefile2:154: CMakeFiles/contact.dir/all] Error 2
gmake: *** [Makefile:146: all] Error 2
